[debug] [2021-09-27T12:46:18.955Z] ----------------------------------------------------------------------
[debug] [2021-09-27T12:46:18.957Z] Command:       /usr/local/bin/node /Users/anne/.config/yarn/global/node_modules/.bin/firebase deploy --only functions
[debug] [2021-09-27T12:46:18.957Z] CLI Version:   9.18.0
[debug] [2021-09-27T12:46:18.957Z] Platform:      darwin
[debug] [2021-09-27T12:46:18.957Z] Node Version:  v12.13.1
[debug] [2021-09-27T12:46:18.958Z] Time:          Mon Sep 27 2021 13:46:18 GMT+0100 (British Summer Time)
[debug] [2021-09-27T12:46:18.958Z] ----------------------------------------------------------------------
[debug] 
[debug] [2021-09-27T12:46:19.016Z] > command requires scopes: ["email","openid","https://www.googleapis.com/auth/cloudplatformprojects.readonly","https://www.googleapis.com/auth/firebase","https://www.googleapis.com/auth/cloud-platform"]
[debug] [2021-09-27T12:46:19.017Z] > authorizing via signed-in user (nikomarow@gmail.com)
[debug] [2021-09-27T12:46:19.017Z] [iam] checking project say300-16250 for permissions ["cloudfunctions.functions.create","cloudfunctions.functions.delete","cloudfunctions.functions.get","cloudfunctions.functions.list","cloudfunctions.functions.update","cloudfunctions.operations.get","firebase.projects.get"]
[debug] [2021-09-27T12:46:19.019Z] >>> HTTP REQUEST POST https://cloudresourcemanager.googleapis.com/v1/projects/say300-16250:testIamPermissions  
 {"permissions":["cloudfunctions.functions.create","cloudfunctions.functions.delete","cloudfunctions.functions.get","cloudfunctions.functions.list","cloudfunctions.functions.update","cloudfunctions.operations.get","firebase.projects.get"]}
[debug] [2021-09-27T12:46:19.796Z] <<< HTTP RESPONSE 200 {"content-type":"application/json; charset=UTF-8","vary":"X-Origin, Referer, Origin,Accept-Encoding","date":"Mon, 27 Sep 2021 12:46:19 GMT","server":"ESF","cache-control":"private","x-xss-protection":"0","x-frame-options":"SAMEORIGIN","x-content-type-options":"nosniff","server-timing":"gfet4t7; dur=545","alt-svc":"h3=\":443\"; ma=2592000,h3-29=\":443\"; ma=2592000,h3-T051=\":443\"; ma=2592000,h3-Q050=\":443\"; ma=2592000,h3-Q046=\":443\"; ma=2592000,h3-Q043=\":443\"; ma=2592000,quic=\":443\"; ma=2592000; v=\"46,43\"","accept-ranges":"none","transfer-encoding":"chunked"}
[debug] [2021-09-27T12:46:19.798Z] >>> HTTP REQUEST POST https://iam.googleapis.com/v1/projects/say300-16250/serviceAccounts/say300-16250@appspot.gserviceaccount.com:testIamPermissions  
 {"permissions":["iam.serviceAccounts.actAs"]}
[debug] [2021-09-27T12:46:20.433Z] <<< HTTP RESPONSE 200 {"content-type":"application/json; charset=UTF-8","vary":"X-Origin, Referer, Origin,Accept-Encoding","date":"Mon, 27 Sep 2021 12:46:20 GMT","server":"ESF","cache-control":"private","x-xss-protection":"0","x-frame-options":"SAMEORIGIN","x-content-type-options":"nosniff","alt-svc":"h3=\":443\"; ma=2592000,h3-29=\":443\"; ma=2592000,h3-T051=\":443\"; ma=2592000,h3-Q050=\":443\"; ma=2592000,h3-Q046=\":443\"; ma=2592000,h3-Q043=\":443\"; ma=2592000,quic=\":443\"; ma=2592000; v=\"46,43\"","accept-ranges":"none","transfer-encoding":"chunked"}
[info] 
[info] === Deploying to 'say300-16250'...
[info] 
[info] i  deploying functions 
[info] Running command: npm --prefix "$RESOURCE_DIR" run lint
